2020-05-21 14:28:31,313 INFO [main] tcm.Create [Create.java:163] "P964"
2020-05-21 14:28:31,317 INFO [main] tcm.Create [Create.java:163] "2020/05/21 14:28:31"
2020-05-21 14:28:31,317 INFO [main] tcm.Create [Create.java:163] "ãƒ†ã‚¹ãƒˆ"
2020-05-21 14:28:31,317 INFO [main] tcm.Create [Create.java:163] "åˆ†é¡ž1"
2020-05-21 14:28:31,317 INFO [main] tcm.Create [Create.java:163] "ç™»éŒ²20200521142831"
2020-05-21 14:28:31,317 INFO [main] tcm.Create [Create.java:163] "20200521142831_P964.pdf"
2020-05-21 14:28:31,318 INFO [main] tcm.Create [Create.java:163] "00058"
2020-05-21 14:28:50,473 INFO [main] tcm.Create [Create.java:163] "P345"
2020-05-21 14:28:50,479 INFO [main] tcm.Create [Create.java:163] "2020/05/21 14:28:50"
2020-05-21 14:28:50,479 INFO [main] tcm.Create [Create.java:163] "ãƒ†ã‚¹ãƒˆ"
2020-05-21 14:28:50,479 INFO [main] tcm.Create [Create.java:163] "åˆ†é¡ž1"
2020-05-21 14:28:50,480 INFO [main] tcm.Create [Create.java:163] "ç™»éŒ²20200521142850"
2020-05-21 14:28:50,480 INFO [main] tcm.Create [Create.java:163] "20200521142850_P345.pdf"
2020-05-21 14:28:50,480 INFO [main] tcm.Create [Create.java:163] "00059"
2020-05-21 14:35:59,765 INFO [main] tcm.Create [Create.java:165] "P173"
2020-05-21 14:35:59,772 INFO [main] tcm.Create [Create.java:165] "2020/05/21 14:35:59"
2020-05-21 14:35:59,772 INFO [main] tcm.Create [Create.java:165] "ãƒ†ã‚¹ãƒˆ"
2020-05-21 14:35:59,773 INFO [main] tcm.Create [Create.java:165] "åˆ†é¡ž1"
2020-05-21 14:35:59,773 INFO [main] tcm.Create [Create.java:165] "ç™»éŒ²20200521143559"
2020-05-21 14:35:59,773 INFO [main] tcm.Create [Create.java:165] "20200521143559_P173.pdf"
2020-05-21 14:35:59,773 INFO [main] tcm.Create [Create.java:165] "00060"
2020-05-21 14:37:49,899 INFO [main] tcm.Create [Create.java:163] "P873"
2020-05-21 14:37:49,903 INFO [main] tcm.Create [Create.java:163] "2020/05/21 14:37:49"
2020-05-21 14:37:49,903 INFO [main] tcm.Create [Create.java:163] "ãƒ†ã‚¹ãƒˆ"
2020-05-21 14:37:49,903 INFO [main] tcm.Create [Create.java:163] "åˆ†é¡ž1"
2020-05-21 14:37:49,903 INFO [main] tcm.Create [Create.java:163] "ç™»éŒ²20200521143749"
2020-05-21 14:37:49,904 INFO [main] tcm.Create [Create.java:163] "20200521143749_P873.pdf"
2020-05-21 14:37:49,905 INFO [main] tcm.Create [Create.java:163] "00061"
2020-05-21 14:59:15,939 INFO [main] tcm.Create [Create.java:163] "P594"
2020-05-21 14:59:15,962 INFO [main] tcm.Create [Create.java:163] "2020/05/21 14:59:15"
2020-05-21 14:59:15,962 INFO [main] tcm.Create [Create.java:163] "ƒeƒXƒg"
2020-05-21 14:59:15,963 INFO [main] tcm.Create [Create.java:163] "•ª—Þ1"
2020-05-21 14:59:15,963 INFO [main] tcm.Create [Create.java:163] "“o˜^20200521145915"
2020-05-21 14:59:15,963 INFO [main] tcm.Create [Create.java:163] "20200521145915_P594.pdf"
2020-05-21 14:59:15,963 INFO [main] tcm.Create [Create.java:163] "00062"
2020-05-21 15:07:38,134 INFO [main] tcm.Create [Create.java:148] "P855"
2020-05-21 15:07:38,138 INFO [main] tcm.Create [Create.java:148] "2020/05/21 15:07:38"
2020-05-21 15:07:38,138 INFO [main] tcm.Create [Create.java:148] "ãƒ†ã‚¹ãƒˆ"
2020-05-21 15:07:38,138 INFO [main] tcm.Create [Create.java:148] "åˆ†é¡ž1"
2020-05-21 15:07:38,139 INFO [main] tcm.Create [Create.java:148] "ç™»éŒ²20200521150738"
2020-05-21 15:07:38,139 INFO [main] tcm.Create [Create.java:148] "20200521150738_P855.pdf"
2020-05-21 15:07:38,139 INFO [main] tcm.Create [Create.java:148] "00063"
2020-05-21 15:15:29,773 INFO [main] tcm.Create [Create.java:146] "P101"
2020-05-21 15:15:29,776 INFO [main] tcm.Create [Create.java:146] "2020/05/21 15:15:29"
2020-05-21 15:15:29,776 INFO [main] tcm.Create [Create.java:146] "ƒeƒXƒg"
2020-05-21 15:15:29,776 INFO [main] tcm.Create [Create.java:146] "•ª—Þ1"
2020-05-21 15:15:29,776 INFO [main] tcm.Create [Create.java:146] "“o˜^20200521151529"
2020-05-21 15:15:29,777 INFO [main] tcm.Create [Create.java:146] "20200521151529_P101.pdf"
2020-05-21 15:15:29,777 INFO [main] tcm.Create [Create.java:146] "00064"
2020-05-21 15:17:05,752 INFO [main] tcm.Create [Create.java:139] "P517","2020/05/21 15:17:05","ãƒ†ã‚¹ãƒˆ","åˆ†é¡ž1","ç™»éŒ²20200521151705","20200521151705_P517.pdf","00065"
2020-05-21 15:18:16,466 INFO [main] tcm.Create [Create.java:139] "P280","2020/05/21 15:18:16","ãƒ†ã‚¹ãƒˆ","åˆ†é¡ž1","ç™»éŒ²20200521151816","20200521151816_P280.pdf","00066"
2020-05-21 15:18:56,774 INFO [main] tcm.Create [Create.java:139] "P980","2020/05/21 15:18:56","ƒeƒXƒg","•ª—Þ1","“o˜^20200521151856","20200521151856_P980.pdf","00067"
2020-05-21 15:55:13,332 INFO [main] tcm.Create [Create.java:137] "P755","2020/05/21 15:55:13","ãƒ†ã‚¹ãƒˆ","åˆ†é¡ž1","ç™»éŒ²20200521155513","20200521155513_P755.pdf","00068"
